<?xml version="1.0" encoding="UTF-8"?>
<!-- Generated by org.testng.reporters.JUnitXMLReporter -->
<testsuite hostname="Karthik-PC" ignored="0" name="Default test" tests="3" failures="0" timestamp="27 Jul 2019 06:04:24 GMT" time="120.5" errors="0">
  <testcase name="LoginPageFunct" time="32.98" classname="POMFacebookTesting.fcebookLoginDemo"/>
  <testcase name="LoginPageFunct" time="4.274" classname="POMFacebookTesting.fcebookLoginDemo"/>
  <testcase name="LoginPageFunct" time="3.893" classname="POMFacebookTesting.fcebookLoginDemo"/>
</testsuite> <!-- Default test -->
