<?xml version="1.0" encoding="UTF-8"?>
<testng-results skipped="0" failed="0" ignored="0" total="3" passed="3">
  <reporter-output>
  </reporter-output>
  <suite name="Default suite" duration-ms="120500" started-at="2019-07-27T06:02:24Z" finished-at="2019-07-27T06:04:24Z">
    <groups>
    </groups>
    <test name="Default test" duration-ms="120500" started-at="2019-07-27T06:02:24Z" finished-at="2019-07-27T06:04:24Z">
      <class name="POMFacebookTesting.fcebookLoginDemo">
        <test-method status="PASS" signature="OpenBrowser()[pri:0, instance:POMFacebookTesting.fcebookLoginDemo@59f99ea]" name="OpenBrowser" is-config="true" duration-ms="25633" started-at="2019-07-27T06:02:24Z" finished-at="2019-07-27T06:02:50Z">
          <reporter-output>
          </reporter-output>
        </test-method> <!-- OpenBrowser -->
        <test-method status="PASS" signature="LoginPageFunct(java.lang.String, java.lang.String)[pri:0, instance:POMFacebookTesting.fcebookLoginDemo@59f99ea]" name="LoginPageFunct" duration-ms="32980" started-at="2019-07-27T06:02:50Z" data-provider="dp" finished-at="2019-07-27T06:03:23Z">
          <params>
            <param index="0">
              <value>
                <![CDATA[username]]>
              </value>
            </param>
            <param index="1">
              <value>
                <![CDATA[password]]>
              </value>
            </param>
          </params>
          <reporter-output>
          </reporter-output>
        </test-method> <!-- LoginPageFunct -->
        <test-method status="PASS" signature="CloseBrowser()[pri:0, instance:POMFacebookTesting.fcebookLoginDemo@59f99ea]" name="CloseBrowser" is-config="true" duration-ms="2471" started-at="2019-07-27T06:03:23Z" finished-at="2019-07-27T06:03:25Z">
          <reporter-output>
          </reporter-output>
        </test-method> <!-- CloseBrowser -->
        <test-method status="PASS" signature="OpenBrowser()[pri:0, instance:POMFacebookTesting.fcebookLoginDemo@59f99ea]" name="OpenBrowser" is-config="true" duration-ms="18667" started-at="2019-07-27T06:03:25Z" finished-at="2019-07-27T06:03:44Z">
          <reporter-output>
          </reporter-output>
        </test-method> <!-- OpenBrowser -->
        <test-method status="PASS" signature="LoginPageFunct(java.lang.String, java.lang.String)[pri:0, instance:POMFacebookTesting.fcebookLoginDemo@59f99ea]" name="LoginPageFunct" duration-ms="4274" started-at="2019-07-27T06:03:44Z" data-provider="dp" finished-at="2019-07-27T06:03:48Z">
          <params>
            <param index="0">
              <value>
                <![CDATA[username1]]>
              </value>
            </param>
            <param index="1">
              <value>
                <![CDATA[password]]>
              </value>
            </param>
          </params>
          <reporter-output>
          </reporter-output>
        </test-method> <!-- LoginPageFunct -->
        <test-method status="PASS" signature="CloseBrowser()[pri:0, instance:POMFacebookTesting.fcebookLoginDemo@59f99ea]" name="CloseBrowser" is-config="true" duration-ms="2272" started-at="2019-07-27T06:03:48Z" finished-at="2019-07-27T06:03:50Z">
          <reporter-output>
          </reporter-output>
        </test-method> <!-- CloseBrowser -->
        <test-method status="PASS" signature="OpenBrowser()[pri:0, instance:POMFacebookTesting.fcebookLoginDemo@59f99ea]" name="OpenBrowser" is-config="true" duration-ms="29388" started-at="2019-07-27T06:03:50Z" finished-at="2019-07-27T06:04:20Z">
          <reporter-output>
          </reporter-output>
        </test-method> <!-- OpenBrowser -->
        <test-method status="PASS" signature="LoginPageFunct(java.lang.String, java.lang.String)[pri:0, instance:POMFacebookTesting.fcebookLoginDemo@59f99ea]" name="LoginPageFunct" duration-ms="3893" started-at="2019-07-27T06:04:20Z" data-provider="dp" finished-at="2019-07-27T06:04:24Z">
          <params>
            <param index="0">
              <value>
                <![CDATA[username2]]>
              </value>
            </param>
            <param index="1">
              <value>
                <![CDATA[password]]>
              </value>
            </param>
          </params>
          <reporter-output>
          </reporter-output>
        </test-method> <!-- LoginPageFunct -->
        <test-method status="PASS" signature="CloseBrowser()[pri:0, instance:POMFacebookTesting.fcebookLoginDemo@59f99ea]" name="CloseBrowser" is-config="true" duration-ms="401" started-at="2019-07-27T06:04:24Z" finished-at="2019-07-27T06:04:24Z">
          <reporter-output>
          </reporter-output>
        </test-method> <!-- CloseBrowser -->
      </class> <!-- POMFacebookTesting.fcebookLoginDemo -->
    </test> <!-- Default test -->
  </suite> <!-- Default suite -->
</testng-results>
