<?xml version="1.0" encoding="UTF-8"?>
<testng-results skipped="0" failed="0" ignored="0" total="1" passed="1">
  <reporter-output>
  </reporter-output>
  <suite name="Default suite" duration-ms="66261" started-at="2019-07-20T05:01:23Z" finished-at="2019-07-20T05:02:29Z">
    <groups>
    </groups>
    <test name="Default test" duration-ms="66261" started-at="2019-07-20T05:01:23Z" finished-at="2019-07-20T05:02:29Z">
      <class name="ScreenshotPackage.Screenclass">
        <test-method status="PASS" signature="Mytest()[pri:0, instance:ScreenshotPackage.Screenclass@7c16905e]" name="Mytest" duration-ms="66026" started-at="2019-07-20T05:01:23Z" finished-at="2019-07-20T05:02:29Z">
          <reporter-output>
          </reporter-output>
        </test-method> <!-- Mytest -->
      </class> <!-- ScreenshotPackage.Screenclass -->
    </test> <!-- Default test -->
  </suite> <!-- Default suite -->
</testng-results>
