<?xml version="1.0" encoding="UTF-8"?>
<testng-results skipped="0" failed="0" ignored="0" total="1" passed="1">
  <reporter-output>
  </reporter-output>
  <suite name="Default suite" duration-ms="41985" started-at="2019-07-12T06:46:42Z" finished-at="2019-07-12T06:47:23Z">
    <groups>
    </groups>
    <test name="Default test" duration-ms="41985" started-at="2019-07-12T06:46:42Z" finished-at="2019-07-12T06:47:23Z">
      <class name="BatchFileCreation.BatchFile">
        <test-method status="PASS" signature="FacebookLoginPage()[pri:0, instance:BatchFileCreation.BatchFile@d2cc05a]" name="FacebookLoginPage" duration-ms="41884" started-at="2019-07-12T06:46:42Z" finished-at="2019-07-12T06:47:23Z">
          <reporter-output>
          </reporter-output>
        </test-method> <!-- FacebookLoginPage -->
      </class> <!-- BatchFileCreation.BatchFile -->
    </test> <!-- Default test -->
  </suite> <!-- Default suite -->
</testng-results>
