<?xml version="1.0" encoding="UTF-8"?>
<testng-results skipped="0" failed="0" ignored="0" total="1" passed="1">
  <reporter-output>
  </reporter-output>
  <suite name="Default suite" duration-ms="12752" started-at="2019-07-27T08:43:52Z" finished-at="2019-07-27T08:44:05Z">
    <groups>
    </groups>
    <test name="Default test" duration-ms="12752" started-at="2019-07-27T08:43:52Z" finished-at="2019-07-27T08:44:05Z">
      <class name="ReadDataFromHtmlTable.AlertPopupHandling">
        <test-method status="PASS" signature="AlertPopUp()[pri:0, instance:ReadDataFromHtmlTable.AlertPopupHandling@7c16905e]" name="AlertPopUp" duration-ms="12656" started-at="2019-07-27T08:43:52Z" finished-at="2019-07-27T08:44:05Z">
          <reporter-output>
          </reporter-output>
        </test-method> <!-- AlertPopUp -->
      </class> <!-- ReadDataFromHtmlTable.AlertPopupHandling -->
    </test> <!-- Default test -->
  </suite> <!-- Default suite -->
</testng-results>
