<?xml version="1.0" encoding="UTF-8"?>
<testng-results skipped="0" failed="0" total="1" passed="1">
  <reporter-output>
  </reporter-output>
  <suite name="Suite" duration-ms="80318" started-at="2019-07-13T12:57:22Z" finished-at="2019-07-13T12:58:42Z">
    <groups>
    </groups>
    <test name="Test" duration-ms="80318" started-at="2019-07-13T12:57:22Z" finished-at="2019-07-13T12:58:42Z">
      <class name="JenkinsPackage.testerclass">
        <test-method status="PASS" signature="select()" name="select" duration-ms="80279" started-at="2019-07-13T12:57:22Z" finished-at="2019-07-13T12:58:42Z">
        </test-method>
      </class>
    </test>
  </suite>
</testng-results>
