<?xml version="1.0" encoding="UTF-8"?>
<testng-results skipped="0" failed="0" ignored="0" total="2" passed="2">
  <reporter-output>
  </reporter-output>
  <suite name="Default suite" duration-ms="167" started-at="2019-07-20T07:50:57Z" finished-at="2019-07-20T07:50:57Z">
    <groups>
    </groups>
    <test name="Default test" duration-ms="167" started-at="2019-07-20T07:50:57Z" finished-at="2019-07-20T07:50:57Z">
      <class name="TestNGpackage.TestNGAnnotations">
        <test-method status="PASS" signature="beforeSuite()[pri:0, instance:TestNGpackage.TestNGAnnotations@51565ec2]" name="beforeSuite" is-config="true" duration-ms="34" started-at="2019-07-20T07:50:56Z" finished-at="2019-07-20T07:50:57Z">
          <reporter-output>
          </reporter-output>
        </test-method> <!-- beforeSuite -->
        <test-method status="PASS" signature="beforeTest()[pri:0, instance:TestNGpackage.TestNGAnnotations@51565ec2]" name="beforeTest" is-config="true" duration-ms="2" started-at="2019-07-20T07:50:57Z" finished-at="2019-07-20T07:50:57Z">
          <reporter-output>
          </reporter-output>
        </test-method> <!-- beforeTest -->
        <test-method status="PASS" signature="beforeClass()[pri:0, instance:TestNGpackage.TestNGAnnotations@51565ec2]" name="beforeClass" is-config="true" duration-ms="1" started-at="2019-07-20T07:50:57Z" finished-at="2019-07-20T07:50:57Z">
          <reporter-output>
          </reporter-output>
        </test-method> <!-- beforeClass -->
        <test-method status="PASS" signature="beforeMethod()[pri:0, instance:TestNGpackage.TestNGAnnotations@51565ec2]" name="beforeMethod" is-config="true" duration-ms="1" started-at="2019-07-20T07:50:57Z" finished-at="2019-07-20T07:50:57Z">
          <reporter-output>
          </reporter-output>
        </test-method> <!-- beforeMethod -->
        <test-method status="PASS" signature="testCase1()[pri:0, instance:TestNGpackage.TestNGAnnotations@51565ec2]" name="testCase1" duration-ms="19" started-at="2019-07-20T07:50:57Z" finished-at="2019-07-20T07:50:57Z">
          <reporter-output>
          </reporter-output>
        </test-method> <!-- testCase1 -->
        <test-method status="PASS" signature="afterMethod()[pri:0, instance:TestNGpackage.TestNGAnnotations@51565ec2]" name="afterMethod" is-config="true" duration-ms="1" started-at="2019-07-20T07:50:57Z" finished-at="2019-07-20T07:50:57Z">
          <reporter-output>
          </reporter-output>
        </test-method> <!-- afterMethod -->
        <test-method status="PASS" signature="beforeMethod()[pri:0, instance:TestNGpackage.TestNGAnnotations@51565ec2]" name="beforeMethod" is-config="true" duration-ms="1" started-at="2019-07-20T07:50:57Z" finished-at="2019-07-20T07:50:57Z">
          <reporter-output>
          </reporter-output>
        </test-method> <!-- beforeMethod -->
        <test-method status="PASS" signature="testCase2()[pri:0, instance:TestNGpackage.TestNGAnnotations@51565ec2]" name="testCase2" duration-ms="25" started-at="2019-07-20T07:50:57Z" finished-at="2019-07-20T07:50:57Z">
          <reporter-output>
          </reporter-output>
        </test-method> <!-- testCase2 -->
        <test-method status="PASS" signature="afterMethod()[pri:0, instance:TestNGpackage.TestNGAnnotations@51565ec2]" name="afterMethod" is-config="true" duration-ms="3" started-at="2019-07-20T07:50:57Z" finished-at="2019-07-20T07:50:57Z">
          <reporter-output>
          </reporter-output>
        </test-method> <!-- afterMethod -->
        <test-method status="PASS" signature="afterClass()[pri:0, instance:TestNGpackage.TestNGAnnotations@51565ec2]" name="afterClass" is-config="true" duration-ms="1" started-at="2019-07-20T07:50:57Z" finished-at="2019-07-20T07:50:57Z">
          <reporter-output>
          </reporter-output>
        </test-method> <!-- afterClass -->
        <test-method status="PASS" signature="afterTest()[pri:0, instance:TestNGpackage.TestNGAnnotations@51565ec2]" name="afterTest" is-config="true" duration-ms="2" started-at="2019-07-20T07:50:57Z" finished-at="2019-07-20T07:50:57Z">
          <reporter-output>
          </reporter-output>
        </test-method> <!-- afterTest -->
        <test-method status="PASS" signature="afterSuite()[pri:0, instance:TestNGpackage.TestNGAnnotations@51565ec2]" name="afterSuite" is-config="true" duration-ms="5" started-at="2019-07-20T07:50:57Z" finished-at="2019-07-20T07:50:57Z">
          <reporter-output>
          </reporter-output>
        </test-method> <!-- afterSuite -->
      </class> <!-- TestNGpackage.TestNGAnnotations -->
    </test> <!-- Default test -->
  </suite> <!-- Default suite -->
</testng-results>
